2025-07-23 14:16:38 - INFO - --- Starting Professional Trading Bot for MT5 ---
2025-07-23 14:16:38 - INFO - Trading Pair: XAUUSD.d, Timeframe: 5m
2025-07-23 14:16:44 - INFO - MT5 initialized successfully. Version: (500, 5147, '7 Jul 2025')
2025-07-23 14:16:44 - INFO - TradeManager ready for symbol: XAUUSD.d
2025-07-23 14:16:44 - INFO - TradingStrategy initialized and ready.
2025-07-23 14:16:44 - INFO - Bot is running. New trade check interval: 60 seconds.
2025-07-23 14:16:44 - INFO - Looking for a new trade signal...
2025-07-23 14:16:44 - INFO - Latest Signal from Trend Levels: HOLD
2025-07-23 14:16:44 - INFO - Next new trade check scheduled for 14:17:44
2025-07-23 14:17:44 - INFO - Looking for a new trade signal...
2025-07-23 14:17:44 - INFO - Latest Signal from Trend Levels: HOLD
2025-07-23 14:17:44 - INFO - Next new trade check scheduled for 14:18:44
2025-07-23 14:18:45 - INFO - Looking for a new trade signal...
2025-07-23 14:18:45 - INFO - Latest Signal from Trend Levels: HOLD
2025-07-23 14:18:45 - INFO - Next new trade check scheduled for 14:19:45
2025-07-23 14:19:45 - INFO - Looking for a new trade signal...
2025-07-23 14:19:45 - INFO - Latest Signal from Trend Levels: HOLD
2025-07-23 14:19:45 - INFO - Next new trade check scheduled for 14:20:45
2025-07-23 14:20:45 - INFO - Looking for a new trade signal...
2025-07-23 14:20:45 - INFO - Latest Signal from Trend Levels: HOLD
2025-07-23 14:20:45 - INFO - Next new trade check scheduled for 14:21:45
2025-07-23 14:21:45 - INFO - Looking for a new trade signal...
2025-07-23 14:21:45 - INFO - Latest Signal from Trend Levels: HOLD
2025-07-23 14:21:45 - INFO - Next new trade check scheduled for 14:22:45
2025-07-23 14:22:45 - INFO - Looking for a new trade signal...
2025-07-23 14:22:45 - INFO - Latest Signal from Trend Levels: HOLD
2025-07-23 14:22:45 - INFO - Next new trade check scheduled for 14:23:45
2025-07-23 14:23:45 - INFO - Looking for a new trade signal...
2025-07-23 14:23:45 - INFO - Latest Signal from Trend Levels: HOLD
2025-07-23 14:23:45 - INFO - Next new trade check scheduled for 14:24:45
2025-07-23 14:24:45 - INFO - Looking for a new trade signal...
2025-07-23 14:24:45 - INFO - Latest Signal from Trend Levels: HOLD
2025-07-23 14:24:45 - INFO - Next new trade check scheduled for 14:25:45
2025-07-23 14:25:46 - INFO - Looking for a new trade signal...
2025-07-23 14:25:46 - INFO - Latest Signal from Trend Levels: HOLD
2025-07-23 14:25:46 - INFO - Next new trade check scheduled for 14:26:46
2025-07-23 14:26:46 - INFO - Looking for a new trade signal...
2025-07-23 14:26:46 - INFO - Latest Signal from Trend Levels: HOLD
2025-07-23 14:26:46 - INFO - Next new trade check scheduled for 14:27:46
2025-07-23 14:27:46 - INFO - Looking for a new trade signal...
2025-07-23 14:27:46 - INFO - Latest Signal from Trend Levels: HOLD
2025-07-23 14:27:46 - INFO - Next new trade check scheduled for 14:28:46
2025-07-23 14:28:46 - INFO - Looking for a new trade signal...
2025-07-23 14:28:46 - INFO - Latest Signal from Trend Levels: HOLD
2025-07-23 14:28:46 - INFO - Next new trade check scheduled for 14:29:46
2025-07-23 14:29:46 - INFO - Looking for a new trade signal...
2025-07-23 14:29:46 - INFO - Latest Signal from Trend Levels: HOLD
2025-07-23 14:29:46 - INFO - Next new trade check scheduled for 14:30:46
2025-07-23 14:30:46 - INFO - Looking for a new trade signal...
2025-07-23 14:30:46 - INFO - Latest Signal from Trend Levels: HOLD
2025-07-23 14:30:46 - INFO - Next new trade check scheduled for 14:31:46
2025-07-23 14:31:46 - INFO - Looking for a new trade signal...
2025-07-23 14:31:46 - INFO - Latest Signal from Trend Levels: HOLD
2025-07-23 14:31:46 - INFO - Next new trade check scheduled for 14:32:46
2025-07-23 14:32:46 - INFO - Looking for a new trade signal...
2025-07-23 14:32:47 - INFO - Latest Signal from Trend Levels: HOLD
2025-07-23 14:32:47 - INFO - Next new trade check scheduled for 14:33:47
2025-07-23 14:33:47 - INFO - Looking for a new trade signal...
2025-07-23 14:33:47 - INFO - Latest Signal from Trend Levels: HOLD
2025-07-23 14:33:47 - INFO - Next new trade check scheduled for 14:34:47
2025-07-23 14:34:47 - INFO - Looking for a new trade signal...
2025-07-23 14:34:47 - INFO - Latest Signal from Trend Levels: HOLD
2025-07-23 14:34:47 - INFO - Next new trade check scheduled for 14:35:47
2025-07-23 14:35:47 - INFO - Looking for a new trade signal...
2025-07-23 14:35:47 - INFO - Latest Signal from Trend Levels: HOLD
2025-07-23 14:35:47 - INFO - Next new trade check scheduled for 14:36:47
2025-07-23 14:36:47 - INFO - Looking for a new trade signal...
2025-07-23 14:36:47 - INFO - Latest Signal from Trend Levels: HOLD
2025-07-23 14:36:47 - INFO - Next new trade check scheduled for 14:37:47
2025-07-23 14:37:47 - INFO - Looking for a new trade signal...
2025-07-23 14:37:47 - INFO - Latest Signal from Trend Levels: HOLD
2025-07-23 14:37:47 - INFO - Next new trade check scheduled for 14:38:47
2025-07-23 14:38:47 - INFO - Looking for a new trade signal...
2025-07-23 14:38:47 - INFO - Latest Signal from Trend Levels: HOLD
2025-07-23 14:38:47 - INFO - Next new trade check scheduled for 14:39:47
2025-07-23 14:39:47 - INFO - Looking for a new trade signal...
2025-07-23 14:39:47 - INFO - Latest Signal from Trend Levels: HOLD
2025-07-23 14:39:47 - INFO - Next new trade check scheduled for 14:40:47
2025-07-23 14:40:48 - INFO - Looking for a new trade signal...
2025-07-23 14:40:48 - INFO - Latest Signal from Trend Levels: HOLD
2025-07-23 14:40:48 - INFO - Next new trade check scheduled for 14:41:48
2025-07-23 14:41:48 - INFO - Looking for a new trade signal...
2025-07-23 14:41:48 - INFO - Latest Signal from Trend Levels: HOLD
2025-07-23 14:41:48 - INFO - Next new trade check scheduled for 14:42:48
2025-07-23 14:42:48 - INFO - Looking for a new trade signal...
2025-07-23 14:42:48 - INFO - Latest Signal from Trend Levels: HOLD
2025-07-23 14:42:48 - INFO - Next new trade check scheduled for 14:43:48
2025-07-23 14:43:48 - INFO - Looking for a new trade signal...
2025-07-23 14:43:48 - INFO - Latest Signal from Trend Levels: HOLD
2025-07-23 14:43:48 - INFO - Next new trade check scheduled for 14:44:48
2025-07-23 14:44:48 - INFO - Looking for a new trade signal...
2025-07-23 14:44:48 - INFO - Latest Signal from Trend Levels: HOLD
2025-07-23 14:44:48 - INFO - Next new trade check scheduled for 14:45:48
2025-07-23 14:45:48 - INFO - Looking for a new trade signal...
2025-07-23 14:45:48 - INFO - Latest Signal from Trend Levels: HOLD
2025-07-23 14:45:48 - INFO - Next new trade check scheduled for 14:46:48
2025-07-23 14:46:48 - INFO - Looking for a new trade signal...
2025-07-23 14:46:48 - INFO - Latest Signal from Trend Levels: HOLD
2025-07-23 14:46:48 - INFO - Next new trade check scheduled for 14:47:48
2025-07-23 14:47:48 - INFO - Looking for a new trade signal...
2025-07-23 14:47:49 - INFO - Latest Signal from Trend Levels: HOLD
2025-07-23 14:47:49 - INFO - Next new trade check scheduled for 14:48:49
2025-07-23 14:48:49 - INFO - Looking for a new trade signal...
2025-07-23 14:48:49 - INFO - Latest Signal from Trend Levels: HOLD
2025-07-23 14:48:49 - INFO - Next new trade check scheduled for 14:49:49
2025-07-23 14:49:49 - INFO - Looking for a new trade signal...
2025-07-23 14:49:49 - INFO - Latest Signal from Trend Levels: HOLD
2025-07-23 14:49:49 - INFO - Next new trade check scheduled for 14:50:49
2025-07-23 14:50:49 - INFO - Looking for a new trade signal...
2025-07-23 14:50:49 - INFO - Latest Signal from Trend Levels: HOLD
2025-07-23 14:50:49 - INFO - Next new trade check scheduled for 14:51:49
2025-07-23 14:51:49 - INFO - Looking for a new trade signal...
2025-07-23 14:51:49 - INFO - Latest Signal from Trend Levels: HOLD
2025-07-23 14:51:49 - INFO - Next new trade check scheduled for 14:52:49
2025-07-23 14:52:49 - INFO - Looking for a new trade signal...
2025-07-23 14:52:49 - INFO - Latest Signal from Trend Levels: HOLD
2025-07-23 14:52:49 - INFO - Next new trade check scheduled for 14:53:49
2025-07-23 14:53:49 - INFO - Looking for a new trade signal...
2025-07-23 14:53:49 - INFO - Latest Signal from Trend Levels: HOLD
2025-07-23 14:53:49 - INFO - Next new trade check scheduled for 14:54:49
2025-07-23 14:54:49 - INFO - Looking for a new trade signal...
2025-07-23 14:54:49 - INFO - Latest Signal from Trend Levels: HOLD
2025-07-23 14:54:49 - INFO - Next new trade check scheduled for 14:55:49
2025-07-23 14:55:50 - INFO - Looking for a new trade signal...
2025-07-23 14:55:50 - INFO - Latest Signal from Trend Levels: HOLD
2025-07-23 14:55:50 - INFO - Next new trade check scheduled for 14:56:50
2025-07-23 14:56:50 - INFO - Looking for a new trade signal...
2025-07-23 14:56:50 - INFO - Latest Signal from Trend Levels: HOLD
2025-07-23 14:56:50 - INFO - Next new trade check scheduled for 14:57:50
2025-07-23 14:57:50 - INFO - Looking for a new trade signal...
2025-07-23 14:57:50 - INFO - Latest Signal from Trend Levels: HOLD
2025-07-23 14:57:50 - INFO - Next new trade check scheduled for 14:58:50
2025-07-23 14:58:50 - INFO - Looking for a new trade signal...
2025-07-23 14:58:50 - INFO - Latest Signal from Trend Levels: HOLD
2025-07-23 14:58:50 - INFO - Next new trade check scheduled for 14:59:50
2025-07-23 14:59:50 - INFO - Looking for a new trade signal...
2025-07-23 14:59:50 - INFO - Latest Signal from Trend Levels: HOLD
2025-07-23 14:59:50 - INFO - Next new trade check scheduled for 15:00:50
2025-07-23 15:00:50 - INFO - Looking for a new trade signal...
2025-07-23 15:00:50 - INFO - Latest Signal from Trend Levels: HOLD
2025-07-23 15:00:50 - INFO - Next new trade check scheduled for 15:01:50
2025-07-23 15:01:50 - INFO - Looking for a new trade signal...
2025-07-23 15:01:50 - INFO - Latest Signal from Trend Levels: HOLD
2025-07-23 15:01:50 - INFO - Next new trade check scheduled for 15:02:50
2025-07-23 15:02:50 - INFO - Looking for a new trade signal...
2025-07-23 15:02:50 - INFO - Latest Signal from Trend Levels: HOLD
2025-07-23 15:02:50 - INFO - Next new trade check scheduled for 15:03:50
2025-07-23 15:03:51 - INFO - Looking for a new trade signal...
2025-07-23 15:03:51 - INFO - Latest Signal from Trend Levels: HOLD
2025-07-23 15:03:51 - INFO - Next new trade check scheduled for 15:04:51
2025-07-23 15:04:51 - INFO - Looking for a new trade signal...
2025-07-23 15:04:51 - INFO - Latest Signal from Trend Levels: HOLD
2025-07-23 15:04:51 - INFO - Next new trade check scheduled for 15:05:51
2025-07-23 15:05:51 - INFO - Looking for a new trade signal...
2025-07-23 15:05:51 - INFO - Latest Signal from Trend Levels: HOLD
2025-07-23 15:05:51 - INFO - Next new trade check scheduled for 15:06:51
2025-07-23 15:06:51 - INFO - Looking for a new trade signal...
2025-07-23 15:06:51 - INFO - Latest Signal from Trend Levels: HOLD
2025-07-23 15:06:51 - INFO - Next new trade check scheduled for 15:07:51
2025-07-23 15:07:51 - INFO - Looking for a new trade signal...
2025-07-23 15:07:51 - INFO - Latest Signal from Trend Levels: HOLD
2025-07-23 15:07:51 - INFO - Next new trade check scheduled for 15:08:51
2025-07-23 15:08:51 - INFO - Looking for a new trade signal...
2025-07-23 15:08:51 - INFO - Latest Signal from Trend Levels: HOLD
2025-07-23 15:08:51 - INFO - Next new trade check scheduled for 15:09:51
2025-07-23 15:09:51 - INFO - Looking for a new trade signal...
2025-07-23 15:09:51 - INFO - Latest Signal from Trend Levels: HOLD
2025-07-23 15:09:51 - INFO - Next new trade check scheduled for 15:10:51
2025-07-23 15:10:51 - INFO - Looking for a new trade signal...
2025-07-23 15:10:51 - INFO - Latest Signal from Trend Levels: HOLD
2025-07-23 15:10:51 - INFO - Next new trade check scheduled for 15:11:51
2025-07-23 15:11:52 - INFO - Looking for a new trade signal...
2025-07-23 15:11:52 - INFO - Latest Signal from Trend Levels: HOLD
2025-07-23 15:11:52 - INFO - Next new trade check scheduled for 15:12:52
2025-07-23 15:12:52 - INFO - Looking for a new trade signal...
2025-07-23 15:12:52 - INFO - Latest Signal from Trend Levels: HOLD
2025-07-23 15:12:52 - INFO - Next new trade check scheduled for 15:13:52
2025-07-23 15:13:52 - INFO - Looking for a new trade signal...
2025-07-23 15:13:52 - INFO - Latest Signal from Trend Levels: HOLD
2025-07-23 15:13:52 - INFO - Next new trade check scheduled for 15:14:52
2025-07-23 15:14:52 - INFO - Looking for a new trade signal...
2025-07-23 15:14:52 - INFO - Latest Signal from Trend Levels: HOLD
2025-07-23 15:14:52 - INFO - Next new trade check scheduled for 15:15:52
2025-07-23 15:15:52 - INFO - Looking for a new trade signal...
2025-07-23 15:15:52 - INFO - Latest Signal from Trend Levels: HOLD
2025-07-23 15:15:52 - INFO - Next new trade check scheduled for 15:16:52
2025-07-23 15:16:52 - INFO - Looking for a new trade signal...
2025-07-23 15:16:52 - INFO - Latest Signal from Trend Levels: HOLD
2025-07-23 15:16:52 - INFO - Next new trade check scheduled for 15:17:52
2025-07-23 15:17:52 - INFO - Looking for a new trade signal...
2025-07-23 15:17:52 - INFO - Latest Signal from Trend Levels: HOLD
2025-07-23 15:17:52 - INFO - Next new trade check scheduled for 15:18:52
2025-07-23 15:18:53 - INFO - Looking for a new trade signal...
2025-07-23 15:18:53 - INFO - Latest Signal from Trend Levels: HOLD
2025-07-23 15:18:53 - INFO - Next new trade check scheduled for 15:19:53
2025-07-23 15:19:53 - INFO - Looking for a new trade signal...
2025-07-23 15:19:53 - INFO - Latest Signal from Trend Levels: HOLD
2025-07-23 15:19:53 - INFO - Next new trade check scheduled for 15:20:53
2025-07-23 15:20:53 - INFO - Looking for a new trade signal...
2025-07-23 15:20:53 - INFO - Latest Signal from Trend Levels: HOLD
2025-07-23 15:20:53 - INFO - Next new trade check scheduled for 15:21:53
2025-07-23 15:21:53 - INFO - Looking for a new trade signal...
2025-07-23 15:21:53 - INFO - Latest Signal from Trend Levels: HOLD
2025-07-23 15:21:53 - INFO - Next new trade check scheduled for 15:22:53
2025-07-23 15:22:53 - INFO - Looking for a new trade signal...
2025-07-23 15:22:53 - INFO - Latest Signal from Trend Levels: HOLD
2025-07-23 15:22:53 - INFO - Next new trade check scheduled for 15:23:53
2025-07-23 15:23:53 - INFO - Looking for a new trade signal...
2025-07-23 15:23:53 - INFO - Latest Signal from Trend Levels: HOLD
2025-07-23 15:23:53 - INFO - Next new trade check scheduled for 15:24:53
2025-07-23 15:24:53 - INFO - Looking for a new trade signal...
2025-07-23 15:24:53 - INFO - Latest Signal from Trend Levels: HOLD
2025-07-23 15:24:53 - INFO - Next new trade check scheduled for 15:25:53
2025-07-23 15:25:54 - INFO - Looking for a new trade signal...
2025-07-23 15:25:54 - INFO - Latest Signal from Trend Levels: HOLD
2025-07-23 15:25:54 - INFO - Next new trade check scheduled for 15:26:54
2025-07-23 15:26:54 - INFO - Looking for a new trade signal...
2025-07-23 15:26:54 - INFO - Latest Signal from Trend Levels: HOLD
2025-07-23 15:26:54 - INFO - Next new trade check scheduled for 15:27:54
2025-07-23 15:27:54 - INFO - Looking for a new trade signal...
2025-07-23 15:27:54 - INFO - Latest Signal from Trend Levels: HOLD
2025-07-23 15:27:54 - INFO - Next new trade check scheduled for 15:28:54
2025-07-23 15:28:54 - INFO - Looking for a new trade signal...
2025-07-23 15:28:54 - INFO - Latest Signal from Trend Levels: HOLD
2025-07-23 15:28:54 - INFO - Next new trade check scheduled for 15:29:54
2025-07-23 15:29:54 - INFO - Looking for a new trade signal...
2025-07-23 15:29:54 - INFO - Latest Signal from Trend Levels: HOLD
2025-07-23 15:29:54 - INFO - Next new trade check scheduled for 15:30:54
2025-07-23 15:30:54 - INFO - Looking for a new trade signal...
2025-07-23 15:30:54 - INFO - Latest Signal from Trend Levels: HOLD
2025-07-23 15:30:54 - INFO - Next new trade check scheduled for 15:31:54
2025-07-23 15:31:55 - INFO - Looking for a new trade signal...
2025-07-23 15:31:55 - INFO - Latest Signal from Trend Levels: HOLD
2025-07-23 15:31:55 - INFO - Next new trade check scheduled for 15:32:55
2025-07-23 15:32:55 - INFO - Looking for a new trade signal...
2025-07-23 15:32:55 - INFO - Latest Signal from Trend Levels: HOLD
2025-07-23 15:32:55 - INFO - Next new trade check scheduled for 15:33:55
2025-07-23 15:33:36 - INFO - Bot shutdown requested by user.
2025-07-23 15:33:36 - INFO - MT5 connection shut down successfully.
2025-07-23 15:33:50 - INFO - --- Starting Professional Trading Bot for MT5 ---
2025-07-23 15:33:50 - INFO - Trading Pair: XAUUSD.d, Timeframe: 5m
2025-07-23 15:35:01 - CRITICAL - MT5 initialize() failed, error code = (-10005, 'IPC timeout')
2025-07-23 15:35:02 - INFO - Telegram alert sent successfully.
2025-07-23 15:36:21 - INFO - --- Starting Professional Trading Bot for MT5 ---
2025-07-23 15:36:21 - INFO - Trading Pair: XAUUSD.d, Timeframe: 5m
2025-07-23 16:10:21 - INFO - --- Starting Professional Trading Bot for MT5 ---
2025-07-23 16:10:21 - INFO - Trading Pair: XAUUSD.d, Timeframe: 5m
2025-07-23 16:10:21 - INFO - MT5 initialized successfully. Version: (500, 5147, '7 Jul 2025')
2025-07-23 16:10:21 - INFO - TradeManager ready for symbol: XAUUSD.d
2025-07-23 16:10:21 - INFO - TradingStrategy initialized and ready.
2025-07-23 16:10:21 - INFO - Bot is running. New trade check interval: 60 seconds.
2025-07-23 16:10:21 - INFO - Looking for a new trade signal...
2025-07-23 16:10:21 - INFO - Latest Signal from Trend Levels: HOLD
2025-07-23 16:10:21 - INFO - Next new trade check scheduled for 16:11:21
2025-07-23 16:11:21 - INFO - Looking for a new trade signal...
2025-07-23 16:11:21 - INFO - Latest Signal from Trend Levels: HOLD
2025-07-23 16:11:21 - INFO - Next new trade check scheduled for 16:12:21
2025-07-23 16:12:21 - INFO - Looking for a new trade signal...
2025-07-23 16:12:21 - INFO - Latest Signal from Trend Levels: HOLD
2025-07-23 16:12:21 - INFO - Next new trade check scheduled for 16:13:21
2025-07-23 16:13:22 - INFO - Looking for a new trade signal...
2025-07-23 16:13:22 - INFO - Latest Signal from Trend Levels: HOLD
2025-07-23 16:13:22 - INFO - Next new trade check scheduled for 16:14:22
2025-07-23 16:14:22 - INFO - Looking for a new trade signal...
2025-07-23 16:14:22 - INFO - Latest Signal from Trend Levels: HOLD
2025-07-23 16:14:22 - INFO - Next new trade check scheduled for 16:15:22
2025-07-23 16:15:22 - INFO - Looking for a new trade signal...
2025-07-23 16:15:22 - INFO - Latest Signal from Trend Levels: HOLD
2025-07-23 16:15:22 - INFO - Next new trade check scheduled for 16:16:22
2025-07-23 16:16:22 - INFO - Looking for a new trade signal...
2025-07-23 16:16:22 - INFO - Latest Signal from Trend Levels: HOLD
2025-07-23 16:16:22 - INFO - Next new trade check scheduled for 16:17:22
2025-07-23 16:17:22 - INFO - Looking for a new trade signal...
2025-07-23 16:17:22 - INFO - Latest Signal from Trend Levels: HOLD
2025-07-23 16:17:22 - INFO - Next new trade check scheduled for 16:18:22
2025-07-23 16:18:22 - INFO - Looking for a new trade signal...
2025-07-23 16:18:22 - INFO - Latest Signal from Trend Levels: HOLD
2025-07-23 16:18:22 - INFO - Next new trade check scheduled for 16:19:22
2025-07-23 16:19:23 - INFO - Looking for a new trade signal...
2025-07-23 16:19:23 - INFO - Latest Signal from Trend Levels: HOLD
2025-07-23 16:19:23 - INFO - Next new trade check scheduled for 16:20:23
2025-07-23 16:20:23 - INFO - Looking for a new trade signal...
2025-07-23 16:20:23 - INFO - Latest Signal from Trend Levels: HOLD
2025-07-23 16:20:23 - INFO - Next new trade check scheduled for 16:21:23
2025-07-23 16:21:23 - INFO - Looking for a new trade signal...
2025-07-23 16:21:23 - INFO - Latest Signal from Trend Levels: HOLD
2025-07-23 16:21:23 - INFO - Next new trade check scheduled for 16:22:23
2025-07-23 16:22:23 - INFO - Looking for a new trade signal...
2025-07-23 16:22:23 - INFO - Latest Signal from Trend Levels: HOLD
2025-07-23 16:22:23 - INFO - Next new trade check scheduled for 16:23:23
2025-07-23 16:23:23 - INFO - Looking for a new trade signal...
2025-07-23 16:23:23 - INFO - Latest Signal from Trend Levels: HOLD
2025-07-23 16:23:23 - INFO - Next new trade check scheduled for 16:24:23
2025-07-23 16:24:23 - INFO - Looking for a new trade signal...
2025-07-23 16:24:23 - INFO - Latest Signal from Trend Levels: HOLD
2025-07-23 16:24:23 - INFO - Next new trade check scheduled for 16:25:23
2025-07-23 16:25:23 - INFO - Looking for a new trade signal...
2025-07-23 16:25:23 - INFO - Latest Signal from Trend Levels: HOLD
2025-07-23 16:25:23 - INFO - Next new trade check scheduled for 16:26:23
2025-07-23 16:26:24 - INFO - Looking for a new trade signal...
2025-07-23 16:26:24 - INFO - Latest Signal from Trend Levels: HOLD
2025-07-23 16:26:24 - INFO - Next new trade check scheduled for 16:27:24
2025-07-23 16:27:24 - INFO - Looking for a new trade signal...
2025-07-23 16:27:24 - INFO - Latest Signal from Trend Levels: HOLD
2025-07-23 16:27:24 - INFO - Next new trade check scheduled for 16:28:24
2025-07-23 16:28:24 - INFO - Looking for a new trade signal...
2025-07-23 16:28:24 - INFO - Latest Signal from Trend Levels: HOLD
2025-07-23 16:28:24 - INFO - Next new trade check scheduled for 16:29:24
2025-07-23 16:29:24 - INFO - Looking for a new trade signal...
2025-07-23 16:29:24 - INFO - Latest Signal from Trend Levels: HOLD
2025-07-23 16:29:24 - INFO - Next new trade check scheduled for 16:30:24
2025-07-23 16:30:24 - INFO - Looking for a new trade signal...
2025-07-23 16:30:24 - INFO - Latest Signal from Trend Levels: HOLD
2025-07-23 16:30:24 - INFO - Next new trade check scheduled for 16:31:24
2025-07-23 16:31:24 - INFO - Looking for a new trade signal...
2025-07-23 16:31:24 - INFO - Latest Signal from Trend Levels: HOLD
2025-07-23 16:31:24 - INFO - Next new trade check scheduled for 16:32:24
2025-07-23 16:32:24 - INFO - Looking for a new trade signal...
2025-07-23 16:32:25 - INFO - Latest Signal from Trend Levels: SELL
2025-07-23 16:32:25 - INFO - Actionable Signal Found: SELL! Preparing to enter trade.
2025-07-23 16:32:25 - INFO - ATR Zone: low. SL Multiplier: 1.0, TP Multiplier: 2.0.
2025-07-23 16:32:25 - INFO - Trade log file not found. Creating logs\trades_log.csv...
2025-07-23 16:32:25 - INFO - Successfully logged trade for XAUUSD.d to logs\trades_log.csv.
2025-07-23 16:32:25 - CRITICAL - A critical error occurred in the main loop: TradeManager.enter_trade() got an unexpected keyword argument 'filling_type'
Traceback (most recent call last):
  File "C:\Users\HARMAN SAINI\OneDrive\Desktop\OWN PROJECTS\Trading Bot\Algo Trading Bot101\Backend\main.py", line 77, in main
    strategy.look_for_new_trade()
  File "C:\Users\HARMAN SAINI\OneDrive\Desktop\OWN PROJECTS\Trading Bot\Algo Trading Bot101\Backend\strategy.py", line 49, in look_for_new_trade
    self.execute_trade(latest_signal, df_with_signals)
  File "C:\Users\HARMAN SAINI\OneDrive\Desktop\OWN PROJECTS\Trading Bot\Algo Trading Bot101\Backend\strategy.py", line 97, in execute_trade
    self.tm.enter_trade(
TypeError: TradeManager.enter_trade() got an unexpected keyword argument 'filling_type'
2025-07-23 16:33:25 - INFO - Looking for a new trade signal...
2025-07-23 16:33:25 - INFO - Latest Signal from Trend Levels: SELL
2025-07-23 16:33:25 - INFO - Actionable Signal Found: SELL! Preparing to enter trade.
2025-07-23 16:33:25 - INFO - ATR Zone: low. SL Multiplier: 1.0, TP Multiplier: 2.0.
2025-07-23 16:33:25 - INFO - Successfully logged trade for XAUUSD.d to logs\trades_log.csv.
2025-07-23 16:33:25 - CRITICAL - A critical error occurred in the main loop: TradeManager.enter_trade() got an unexpected keyword argument 'filling_type'
Traceback (most recent call last):
  File "C:\Users\HARMAN SAINI\OneDrive\Desktop\OWN PROJECTS\Trading Bot\Algo Trading Bot101\Backend\main.py", line 77, in main
    strategy.look_for_new_trade()
  File "C:\Users\HARMAN SAINI\OneDrive\Desktop\OWN PROJECTS\Trading Bot\Algo Trading Bot101\Backend\strategy.py", line 49, in look_for_new_trade
    self.execute_trade(latest_signal, df_with_signals)
  File "C:\Users\HARMAN SAINI\OneDrive\Desktop\OWN PROJECTS\Trading Bot\Algo Trading Bot101\Backend\strategy.py", line 97, in execute_trade
    self.tm.enter_trade(
TypeError: TradeManager.enter_trade() got an unexpected keyword argument 'filling_type'
2025-07-23 16:34:25 - INFO - Looking for a new trade signal...
2025-07-23 16:34:25 - INFO - Latest Signal from Trend Levels: SELL
2025-07-23 16:34:25 - INFO - Actionable Signal Found: SELL! Preparing to enter trade.
2025-07-23 16:34:25 - INFO - ATR Zone: low. SL Multiplier: 1.0, TP Multiplier: 2.0.
2025-07-23 16:34:25 - INFO - Successfully logged trade for XAUUSD.d to logs\trades_log.csv.
2025-07-23 16:34:25 - CRITICAL - A critical error occurred in the main loop: TradeManager.enter_trade() got an unexpected keyword argument 'filling_type'
Traceback (most recent call last):
  File "C:\Users\HARMAN SAINI\OneDrive\Desktop\OWN PROJECTS\Trading Bot\Algo Trading Bot101\Backend\main.py", line 77, in main
    strategy.look_for_new_trade()
  File "C:\Users\HARMAN SAINI\OneDrive\Desktop\OWN PROJECTS\Trading Bot\Algo Trading Bot101\Backend\strategy.py", line 49, in look_for_new_trade
    self.execute_trade(latest_signal, df_with_signals)
  File "C:\Users\HARMAN SAINI\OneDrive\Desktop\OWN PROJECTS\Trading Bot\Algo Trading Bot101\Backend\strategy.py", line 97, in execute_trade
    self.tm.enter_trade(
TypeError: TradeManager.enter_trade() got an unexpected keyword argument 'filling_type'
2025-07-23 16:35:25 - INFO - Looking for a new trade signal...
2025-07-23 16:35:25 - INFO - Latest Signal from Trend Levels: HOLD
2025-07-23 16:35:25 - INFO - Next new trade check scheduled for 16:36:25
2025-07-23 16:36:25 - INFO - Looking for a new trade signal...
2025-07-23 16:36:25 - INFO - Latest Signal from Trend Levels: HOLD
2025-07-23 16:36:25 - INFO - Next new trade check scheduled for 16:37:25
2025-07-23 16:37:25 - INFO - Looking for a new trade signal...
2025-07-23 16:37:25 - INFO - Latest Signal from Trend Levels: HOLD
2025-07-23 16:37:25 - INFO - Next new trade check scheduled for 16:38:25
2025-07-23 16:38:25 - INFO - Looking for a new trade signal...
2025-07-23 16:38:25 - INFO - Latest Signal from Trend Levels: HOLD
2025-07-23 16:38:25 - INFO - Next new trade check scheduled for 16:39:25
2025-07-23 16:39:25 - INFO - Looking for a new trade signal...
2025-07-23 16:39:26 - INFO - Latest Signal from Trend Levels: HOLD
2025-07-23 16:39:26 - INFO - Next new trade check scheduled for 16:40:26
2025-07-23 16:40:26 - INFO - Looking for a new trade signal...
2025-07-23 16:40:26 - INFO - Latest Signal from Trend Levels: HOLD
2025-07-23 16:40:26 - INFO - Next new trade check scheduled for 16:41:26
2025-07-23 16:41:26 - INFO - Looking for a new trade signal...
2025-07-23 16:41:26 - INFO - Latest Signal from Trend Levels: HOLD
2025-07-23 16:41:26 - INFO - Next new trade check scheduled for 16:42:26
2025-07-23 16:42:26 - INFO - Looking for a new trade signal...
2025-07-23 16:42:26 - INFO - Latest Signal from Trend Levels: HOLD
2025-07-23 16:42:26 - INFO - Next new trade check scheduled for 16:43:26
2025-07-23 16:43:26 - INFO - Looking for a new trade signal...
2025-07-23 16:43:26 - INFO - Latest Signal from Trend Levels: HOLD
2025-07-23 16:43:26 - INFO - Next new trade check scheduled for 16:44:26
2025-07-23 16:44:26 - INFO - Looking for a new trade signal...
2025-07-23 16:44:26 - INFO - Latest Signal from Trend Levels: HOLD
2025-07-23 16:44:26 - INFO - Next new trade check scheduled for 16:45:26
2025-07-23 16:45:26 - INFO - Looking for a new trade signal...
2025-07-23 16:45:27 - INFO - Latest Signal from Trend Levels: HOLD
2025-07-23 16:45:27 - INFO - Next new trade check scheduled for 16:46:27
2025-07-23 16:46:27 - INFO - Looking for a new trade signal...
2025-07-23 16:46:27 - INFO - Latest Signal from Trend Levels: HOLD
2025-07-23 16:46:27 - INFO - Next new trade check scheduled for 16:47:27
2025-07-23 16:47:27 - INFO - Looking for a new trade signal...
2025-07-23 16:47:27 - INFO - Latest Signal from Trend Levels: HOLD
2025-07-23 16:47:27 - INFO - Next new trade check scheduled for 16:48:27
2025-07-23 16:48:27 - INFO - Looking for a new trade signal...
2025-07-23 16:48:27 - INFO - Latest Signal from Trend Levels: HOLD
2025-07-23 16:48:27 - INFO - Next new trade check scheduled for 16:49:27
2025-07-23 16:49:27 - INFO - Looking for a new trade signal...
2025-07-23 16:49:27 - INFO - Latest Signal from Trend Levels: HOLD
2025-07-23 16:49:27 - INFO - Next new trade check scheduled for 16:50:27
2025-07-23 16:50:27 - INFO - Looking for a new trade signal...
2025-07-23 16:50:27 - INFO - Latest Signal from Trend Levels: HOLD
2025-07-23 16:50:27 - INFO - Next new trade check scheduled for 16:51:27
2025-07-23 16:51:28 - INFO - Looking for a new trade signal...
2025-07-23 16:51:28 - INFO - Latest Signal from Trend Levels: HOLD
2025-07-23 16:51:28 - INFO - Next new trade check scheduled for 16:52:28
2025-07-23 16:52:28 - INFO - Looking for a new trade signal...
2025-07-23 16:52:28 - INFO - Latest Signal from Trend Levels: HOLD
2025-07-23 16:52:28 - INFO - Next new trade check scheduled for 16:53:28
2025-07-23 16:53:28 - INFO - Looking for a new trade signal...
2025-07-23 16:53:28 - INFO - Latest Signal from Trend Levels: HOLD
2025-07-23 16:53:28 - INFO - Next new trade check scheduled for 16:54:28
2025-07-23 16:54:28 - INFO - Looking for a new trade signal...
2025-07-23 16:54:28 - INFO - Latest Signal from Trend Levels: HOLD
2025-07-23 16:54:28 - INFO - Next new trade check scheduled for 16:55:28
2025-07-23 16:55:28 - INFO - Looking for a new trade signal...
2025-07-23 16:55:28 - INFO - Latest Signal from Trend Levels: HOLD
2025-07-23 16:55:28 - INFO - Next new trade check scheduled for 16:56:28
2025-07-23 16:56:28 - INFO - Looking for a new trade signal...
2025-07-23 16:56:28 - INFO - Latest Signal from Trend Levels: HOLD
2025-07-23 16:56:28 - INFO - Next new trade check scheduled for 16:57:28
2025-07-23 16:57:28 - INFO - Looking for a new trade signal...
2025-07-23 16:57:29 - INFO - Latest Signal from Trend Levels: HOLD
2025-07-23 16:57:29 - INFO - Next new trade check scheduled for 16:58:29
2025-07-23 16:58:29 - INFO - Looking for a new trade signal...
2025-07-23 16:58:29 - INFO - Latest Signal from Trend Levels: HOLD
2025-07-23 16:58:29 - INFO - Next new trade check scheduled for 16:59:29
2025-07-23 16:59:29 - INFO - Looking for a new trade signal...
2025-07-23 16:59:29 - INFO - Latest Signal from Trend Levels: HOLD
2025-07-23 16:59:29 - INFO - Next new trade check scheduled for 17:00:29
2025-07-23 17:00:29 - INFO - Looking for a new trade signal...
2025-07-23 17:00:29 - INFO - Latest Signal from Trend Levels: HOLD
2025-07-23 17:00:29 - INFO - Next new trade check scheduled for 17:01:29
2025-07-23 17:01:29 - INFO - Looking for a new trade signal...
2025-07-23 17:01:29 - INFO - Latest Signal from Trend Levels: HOLD
2025-07-23 17:01:29 - INFO - Next new trade check scheduled for 17:02:29
2025-07-23 17:02:29 - INFO - Looking for a new trade signal...
2025-07-23 17:02:29 - INFO - Latest Signal from Trend Levels: HOLD
2025-07-23 17:02:29 - INFO - Next new trade check scheduled for 17:03:29
2025-07-23 17:03:29 - INFO - Looking for a new trade signal...
2025-07-23 17:03:29 - INFO - Latest Signal from Trend Levels: HOLD
2025-07-23 17:03:29 - INFO - Next new trade check scheduled for 17:04:29
2025-07-23 17:04:30 - INFO - Looking for a new trade signal...
2025-07-23 17:04:30 - INFO - Latest Signal from Trend Levels: HOLD
2025-07-23 17:04:30 - INFO - Next new trade check scheduled for 17:05:30
2025-07-23 17:05:30 - INFO - Looking for a new trade signal...
2025-07-23 17:05:30 - INFO - Latest Signal from Trend Levels: HOLD
2025-07-23 17:05:30 - INFO - Next new trade check scheduled for 17:06:30
2025-07-23 17:06:30 - INFO - Looking for a new trade signal...
2025-07-23 17:06:30 - INFO - Latest Signal from Trend Levels: HOLD
2025-07-23 17:06:30 - INFO - Next new trade check scheduled for 17:07:30
2025-07-23 17:07:30 - INFO - Looking for a new trade signal...
2025-07-23 17:07:30 - INFO - Latest Signal from Trend Levels: HOLD
2025-07-23 17:07:30 - INFO - Next new trade check scheduled for 17:08:30
2025-07-23 17:08:30 - INFO - Looking for a new trade signal...
2025-07-23 17:08:30 - INFO - Latest Signal from Trend Levels: HOLD
2025-07-23 17:08:30 - INFO - Next new trade check scheduled for 17:09:30
2025-07-23 17:09:30 - INFO - Looking for a new trade signal...
2025-07-23 17:09:30 - INFO - Latest Signal from Trend Levels: HOLD
2025-07-23 17:09:30 - INFO - Next new trade check scheduled for 17:10:30
2025-07-23 17:10:30 - INFO - Looking for a new trade signal...
2025-07-23 17:10:31 - INFO - Latest Signal from Trend Levels: HOLD
2025-07-23 17:10:31 - INFO - Next new trade check scheduled for 17:11:31
2025-07-23 20:32:43 - INFO - Looking for a new trade signal...
2025-07-23 20:32:43 - INFO - Latest Signal from Trend Levels: HOLD
2025-07-23 20:32:43 - INFO - Next new trade check scheduled for 20:33:43
2025-07-23 20:33:43 - INFO - Looking for a new trade signal...
2025-07-23 20:33:43 - INFO - Latest Signal from Trend Levels: HOLD
2025-07-23 20:33:43 - INFO - Next new trade check scheduled for 20:34:43
2025-07-23 22:33:47 - INFO - Looking for a new trade signal...
2025-07-23 22:33:47 - INFO - Latest Signal from Trend Levels: HOLD
2025-07-23 22:33:47 - INFO - Next new trade check scheduled for 22:34:47
2025-07-23 22:34:10 - INFO - Bot shutdown requested by user.
2025-07-23 22:34:10 - INFO - MT5 connection shut down successfully.
2025-07-23 23:37:41 - INFO - --- Starting Professional Trading Bot for MT5 ---
2025-07-23 23:37:41 - INFO - Pair: XAUUSD.d, Timeframe: 5m, MagicNum: 234000
2025-07-23 23:38:42 - INFO - --- Starting Professional Trading Bot for MT5 ---
2025-07-23 23:38:42 - INFO - Pair: XAUUSD.d, Timeframe: 5m, MagicNum: 234000
2025-07-23 23:38:42 - CRITICAL - MT5 initialize() failed, error code = (-2, 'Invalid "path" argument')
2025-07-23 23:38:43 - INFO - Telegram alert sent successfully.
2025-07-23 23:43:15 - INFO - --- Starting Professional Trading Bot for MT5 ---
2025-07-23 23:43:15 - INFO - Pair: XAUUSD.d, Timeframe: 5m, MagicNum: 234000
2025-07-23 23:43:21 - INFO - MT5 initialized successfully. Version: (500, 5147, '7 Jul 2025')
2025-07-23 23:43:21 - INFO - TradeManager ready for symbol: XAUUSD.d
2025-07-23 23:43:21 - INFO - TradingStrategy initialized and ready.
2025-07-23 23:43:21 - INFO - Bot is running. New trade check interval: 60 seconds.
2025-07-23 23:43:21 - INFO - Looking for a new trade signal...
2025-07-23 23:43:21 - INFO - Latest Signal from Trend Levels: HOLD
2025-07-24 11:51:35 - INFO - --- Starting Professional Trading Bot for MT5 ---
2025-07-24 11:51:35 - INFO - Pair: XAUUSD.d, Timeframe: 5m, MagicNum: 234000
2025-07-24 11:51:35 - INFO - MT5 initialized successfully. Version: (500, 5147, '7 Jul 2025')
2025-07-24 11:51:35 - INFO - TradeManager ready for symbol: XAUUSD.d
2025-07-24 11:51:35 - INFO - TradingStrategy initialized and ready.
2025-07-24 11:51:35 - INFO - Bot is running. New trade check interval: 60 seconds.
2025-07-24 11:51:35 - INFO - Looking for a new trade signal...
2025-07-24 11:51:35 - INFO - Latest Signal from Trend Levels: HOLD
2025-07-24 11:52:35 - INFO - Looking for a new trade signal...
2025-07-24 11:52:35 - INFO - Latest Signal from Trend Levels: HOLD
2025-07-24 11:53:35 - INFO - Looking for a new trade signal...
2025-07-24 11:53:35 - INFO - Latest Signal from Trend Levels: HOLD
2025-07-24 11:54:35 - INFO - Looking for a new trade signal...
2025-07-24 11:54:35 - INFO - Latest Signal from Trend Levels: HOLD
2025-07-24 11:55:35 - INFO - Looking for a new trade signal...
2025-07-24 11:55:35 - INFO - Latest Signal from Trend Levels: HOLD
2025-07-24 11:56:35 - INFO - Looking for a new trade signal...
2025-07-24 11:56:35 - INFO - Latest Signal from Trend Levels: HOLD
2025-07-24 11:57:35 - INFO - Looking for a new trade signal...
2025-07-24 11:57:35 - INFO - Latest Signal from Trend Levels: HOLD
2025-07-24 11:58:36 - INFO - Looking for a new trade signal...
2025-07-24 11:58:36 - INFO - Latest Signal from Trend Levels: HOLD
2025-07-24 11:59:36 - INFO - Looking for a new trade signal...
2025-07-24 11:59:36 - INFO - Latest Signal from Trend Levels: HOLD
2025-07-24 12:00:36 - INFO - Looking for a new trade signal...
2025-07-24 12:00:36 - INFO - Latest Signal from Trend Levels: HOLD
2025-07-24 12:01:36 - INFO - Looking for a new trade signal...
2025-07-24 12:01:36 - INFO - Latest Signal from Trend Levels: HOLD
2025-07-24 12:02:36 - INFO - Looking for a new trade signal...
2025-07-24 12:02:36 - INFO - Latest Signal from Trend Levels: HOLD
2025-07-24 12:03:36 - INFO - Looking for a new trade signal...
2025-07-24 12:03:36 - INFO - Latest Signal from Trend Levels: HOLD
2025-07-24 12:04:36 - INFO - Looking for a new trade signal...
2025-07-24 12:04:36 - INFO - Latest Signal from Trend Levels: HOLD
2025-07-24 12:05:37 - INFO - Looking for a new trade signal...
2025-07-24 12:05:37 - INFO - Latest Signal from Trend Levels: HOLD
2025-07-24 12:06:37 - INFO - Looking for a new trade signal...
2025-07-24 12:06:37 - INFO - Latest Signal from Trend Levels: HOLD
2025-07-24 12:07:37 - INFO - Looking for a new trade signal...
2025-07-24 12:07:37 - INFO - Latest Signal from Trend Levels: HOLD
2025-07-24 12:08:37 - INFO - Looking for a new trade signal...
2025-07-24 12:08:37 - INFO - Latest Signal from Trend Levels: HOLD
2025-07-24 12:09:37 - INFO - Looking for a new trade signal...
2025-07-24 12:09:37 - INFO - Latest Signal from Trend Levels: HOLD
2025-07-24 12:10:37 - INFO - Looking for a new trade signal...
2025-07-24 12:10:37 - INFO - Latest Signal from Trend Levels: HOLD
2025-07-24 12:11:38 - INFO - Looking for a new trade signal...
2025-07-24 12:11:38 - INFO - Latest Signal from Trend Levels: HOLD
2025-07-24 12:12:38 - INFO - Looking for a new trade signal...
2025-07-24 12:12:38 - INFO - Latest Signal from Trend Levels: HOLD
2025-07-24 12:13:38 - INFO - Looking for a new trade signal...
2025-07-24 12:13:38 - INFO - Latest Signal from Trend Levels: HOLD
2025-07-24 12:14:38 - INFO - Looking for a new trade signal...
2025-07-24 12:14:38 - INFO - Latest Signal from Trend Levels: HOLD
2025-07-24 12:15:38 - INFO - Looking for a new trade signal...
2025-07-24 12:15:38 - INFO - Latest Signal from Trend Levels: HOLD
2025-07-24 12:16:38 - INFO - Looking for a new trade signal...
2025-07-24 12:16:38 - INFO - Latest Signal from Trend Levels: HOLD
2025-07-24 12:17:38 - INFO - Looking for a new trade signal...
2025-07-24 12:17:38 - INFO - Latest Signal from Trend Levels: HOLD
2025-07-24 12:18:39 - INFO - Looking for a new trade signal...
2025-07-24 12:18:39 - INFO - Latest Signal from Trend Levels: HOLD
2025-07-24 12:19:39 - INFO - Looking for a new trade signal...
2025-07-24 12:19:39 - INFO - Latest Signal from Trend Levels: HOLD
2025-07-24 12:20:39 - INFO - Looking for a new trade signal...
2025-07-24 12:20:39 - INFO - Latest Signal from Trend Levels: HOLD
2025-07-24 12:21:39 - INFO - Looking for a new trade signal...
2025-07-24 12:21:39 - INFO - Latest Signal from Trend Levels: HOLD
2025-07-24 12:22:39 - INFO - Looking for a new trade signal...
2025-07-24 12:22:39 - INFO - Latest Signal from Trend Levels: HOLD
2025-07-24 12:23:39 - INFO - Looking for a new trade signal...
2025-07-24 12:23:39 - INFO - Latest Signal from Trend Levels: HOLD
2025-07-24 12:24:39 - INFO - Looking for a new trade signal...
2025-07-24 12:24:39 - INFO - Latest Signal from Trend Levels: HOLD
2025-07-24 12:25:40 - INFO - Looking for a new trade signal...
2025-07-24 12:25:40 - INFO - Latest Signal from Trend Levels: HOLD
2025-07-24 12:26:40 - INFO - Looking for a new trade signal...
2025-07-24 12:26:40 - INFO - Latest Signal from Trend Levels: HOLD
2025-07-24 12:27:40 - INFO - Looking for a new trade signal...
2025-07-24 12:27:40 - INFO - Latest Signal from Trend Levels: HOLD
2025-07-24 12:27:54 - INFO - Bot shutdown requested by user.
2025-07-24 12:27:54 - INFO - MT5 connection shut down successfully.
